#
# There is insufficient memory for the Java Runtime Environment to continue.
# Native memory allocation (mmap) failed to map 134217728 bytes for Failed to commit area from 0x0000000081c00000 to 0x0000000089c00000 of length 134217728.
# Possible reasons:
#   The system is out of physical RAM or swap space
#   The process is running with CompressedOops enabled, and the Java Heap may be blocking the growth of the native heap
# Possible solutions:
#   Reduce memory load on the system
#   Increase physical memory or swap space
#   Check if swap backing store is full
#   Decrease Java heap size (-Xmx/-Xms)
#   Decrease number of Java threads
#   Decrease Java thread stack sizes (-Xss)
#   Set larger code cache with -XX:ReservedCodeCacheSize=
# This output file may be truncated or incomplete.
#
#  Out of Memory Error (t:/workspace/hotspot/src/os/windows/vm/os_windows.cpp:3357), pid=71320, tid=23060
#
# JRE version:  (9.0+11) (build )
# Java VM: Java HotSpot(TM) 64-Bit Server VM (9.0.4+11, mixed mode, tiered, compressed oops, g1 gc, windows-amd64)
# No core dump will be written. Minidumps are not enabled by default on client versions of Windows
#

---------------  S U M M A R Y ------------

Command Line: -Dfile.encoding=Cp1252 client_server_test.Fenetre localhost

Host: Intel(R) Core(TM) i7-7500U CPU @ 2.70GHz, 4 cores, 7G,  Windows 10 , 64 bit Build 17134 (10.0.17134.648)
Time: Fri Apr 05 04:19:25 2019 Paris, Madrid (heure d?été) elapsed time: 0 seconds (0d 0h 0m 0s)

---------------  T H R E A D  ---------------

Current thread (0x000002036a10e800):  JavaThread "Unknown thread" [_thread_in_vm, id=23060, stack(0x000000f81f900000,0x000000f81fa00000)]

Stack: [0x000000f81f900000,0x000000f81fa00000]
Native frames: (J=compiled Java code, j=interpreted, Vv=VM code, C=native code)
V  [jvm.dll+0x587068]
V  [jvm.dll+0x69c25e]
V  [jvm.dll+0x69d17a]
V  [jvm.dll+0x69d7b3]
V  [jvm.dll+0x21d198]
V  [jvm.dll+0x584bb4]
V  [jvm.dll+0x57a095]
V  [jvm.dll+0x2cd67b]
V  [jvm.dll+0x2cd5e3]
V  [jvm.dll+0x2cd4b2]
V  [jvm.dll+0x2cf4b3]
V  [jvm.dll+0x3191e3]
V  [jvm.dll+0x3198f6]
V  [jvm.dll+0x3192e3]
V  [jvm.dll+0x2adeb8]
V  [jvm.dll+0x2af0e7]
V  [jvm.dll+0x67b34d]
V  [jvm.dll+0x67c70c]
V  [jvm.dll+0x3269c9]
V  [jvm.dll+0x66555e]
V  [jvm.dll+0x391811]
V  [jvm.dll+0x3937c1]
C  [javaw.exe+0x3501]
C  [javaw.exe+0xe25f]
C  [javaw.exe+0xe406]
C  [KERNEL32.DLL+0x13dc4]
C  [ntdll.dll+0x73691]


---------------  P R O C E S S  ---------------

Java Threads: ( => current thread )

Other Threads:
  0x000002036a126000 GCTaskThread "GC Thread#0" [stack: 0x000000f81fa00000,0x000000f81fb00000] [id=78712]
  0x000002036a127800 GCTaskThread "GC Thread#1" [stack: 0x000000f81fb00000,0x000000f81fc00000] [id=7256]
  0x000002036a129800 GCTaskThread "GC Thread#2" [stack: 0x000000f81fc00000,0x000000f81fd00000] [id=40824]
  0x000002036a12b000 GCTaskThread "GC Thread#3" [stack: 0x000000f81fd00000,0x000000f81fe00000] [id=90492]
  0x000002036a1a6800 ConcurrentGCThread "G1 Main Marker" [stack: 0x000000f820300000,0x000000f820400000] [id=57808]
  0x000002036a1aa000 ConcurrentGCThread "G1 Marker#0" [stack: 0x000000f820400000,0x000000f820500000] [id=49540]
  0x000002036a13a800 ConcurrentGCThread "G1 Refine#0" [stack: 0x000000f820100000,0x000000f820200000] [id=18152]
  0x000002036a133800 ConcurrentGCThread "G1 Refine#1" [stack: 0x000000f820000000,0x000000f820100000] [id=2488]
  0x000002036a130800 ConcurrentGCThread "G1 Refine#2" [stack: 0x000000f81ff00000,0x000000f820000000] [id=96936]
  0x000002036a12d800 ConcurrentGCThread "G1 Refine#3" [stack: 0x000000f81fe00000,0x000000f81ff00000] [id=110856]
  0x000002036a13e000 ConcurrentGCThread "G1 Young RemSet Sampling" [stack: 0x000000f820200000,0x000000f820300000] [id=18068]

=>0x000002036a10e800 (exited) JavaThread "Unknown thread" [_thread_in_vm, id=23060, stack(0x000000f81f900000,0x000000f81fa00000)]

Threads with active compile tasks:

VM state:not at safepoint (not fully initialized)

VM Mutex/Monitor currently owned by a thread:  ([mutex/lock_event])
[0x000002036a10ddd0] Heap_lock - owner thread: 0x000002036a10e800

Heap address: 0x0000000081c00000, size: 2020 MB, Compressed Oops mode: Non-zero based: 0x0000000081c00000
Narrow klass base: 0x0000000000000000, Narrow klass shift: 0

GC Heap History (0 events):
No events

Deoptimization events (0 events):
No events

Classes redefined (0 events):
No events

Internal exceptions (0 events):
No events

Events (0 events):
No events


Dynamic libraries:
0x00007ff718f60000 - 0x00007ff718f9e000 	C:\Program Files\Java\jre-9.0.4\bin\javaw.exe
0x00007ffcb2300000 - 0x00007ffcb24e1000 	C:\WINDOWS\SYSTEM32\ntdll.dll
0x00007ffc7f0c0000 - 0x00007ffc7f0d2000 	C:\Program Files\AVAST Software\Avast\aswhook.dll
0x00007ffcb1640000 - 0x00007ffcb16f2000 	C:\WINDOWS\System32\KERNEL32.DLL
0x00007ffcae8b0000 - 0x00007ffcaeb23000 	C:\WINDOWS\System32\KERNELBASE.dll
0x00007ffcb1870000 - 0x00007ffcb1911000 	C:\WINDOWS\System32\ADVAPI32.dll
0x00007ffcb1960000 - 0x00007ffcb19fe000 	C:\WINDOWS\System32\msvcrt.dll
0x00007ffcafa30000 - 0x00007ffcafa8b000 	C:\WINDOWS\System32\sechost.dll
0x00007ffcb1ff0000 - 0x00007ffcb2114000 	C:\WINDOWS\System32\RPCRT4.dll
0x00007ffcaf790000 - 0x00007ffcaf920000 	C:\WINDOWS\System32\USER32.dll
0x00007ffcaf580000 - 0x00007ffcaf5a0000 	C:\WINDOWS\System32\win32u.dll
0x00007ffcb1930000 - 0x00007ffcb1958000 	C:\WINDOWS\System32\GDI32.dll
0x00007ffcaebd0000 - 0x00007ffcaed62000 	C:\WINDOWS\System32\gdi32full.dll
0x00007ffcaeb30000 - 0x00007ffcaebcf000 	C:\WINDOWS\System32\msvcp_win.dll
0x00007ffcaed70000 - 0x00007ffcaee68000 	C:\WINDOWS\System32\ucrtbase.dll
0x00007ffc95590000 - 0x00007ffc957f9000 	C:\WINDOWS\WinSxS\amd64_microsoft.windows.common-controls_6595b64144ccf1df_6.0.17134.648_none_fb45a0e93062a6d2\COMCTL32.dll
0x00007ffcb0f60000 - 0x00007ffcb1282000 	C:\WINDOWS\System32\combase.dll
0x00007ffcae6d0000 - 0x00007ffcae74a000 	C:\WINDOWS\System32\bcryptPrimitives.dll
0x00007ffc9dab0000 - 0x00007ffc9daba000 	C:\WINDOWS\SYSTEM32\VERSION.dll
0x00007ffcb2120000 - 0x00007ffcb214d000 	C:\WINDOWS\System32\IMM32.DLL
0x00007ffc94b20000 - 0x00007ffc94c0f000 	C:\Program Files\Java\jre-9.0.4\bin\msvcr120.dll
0x00007ffc95820000 - 0x00007ffc958c6000 	C:\Program Files\Java\jre-9.0.4\bin\msvcp120.dll
0x00000000753e0000 - 0x0000000075e05000 	C:\Program Files\Java\jre-9.0.4\bin\server\jvm.dll
0x00007ffcb0f50000 - 0x00007ffcb0f58000 	C:\WINDOWS\System32\PSAPI.DLL
0x00007ffc9cbd0000 - 0x00007ffc9cbd9000 	C:\WINDOWS\SYSTEM32\WSOCK32.dll
0x00007ffcb2150000 - 0x00007ffcb21bc000 	C:\WINDOWS\System32\WS2_32.dll
0x00007ffca7280000 - 0x00007ffca72a3000 	C:\WINDOWS\SYSTEM32\WINMM.dll
0x00007ffca7250000 - 0x00007ffca727a000 	C:\WINDOWS\SYSTEM32\WINMMBASE.dll
0x00007ffcae860000 - 0x00007ffcae8a9000 	C:\WINDOWS\System32\cfgmgr32.dll
0x00007ffca8250000 - 0x00007ffca825f000 	C:\Program Files\Java\jre-9.0.4\bin\verify.dll
0x00007ffca0ab0000 - 0x00007ffca0ad7000 	C:\Program Files\Java\jre-9.0.4\bin\java.dll
0x00007ffca6d90000 - 0x00007ffca6da6000 	C:\Program Files\Java\jre-9.0.4\bin\zip.dll
0x00007ffca8240000 - 0x00007ffca824a000 	C:\Program Files\Java\jre-9.0.4\bin\jimage.dll
0x00007ffcad020000 - 0x00007ffcad1e9000 	C:\WINDOWS\SYSTEM32\dbghelp.dll

VM Arguments:
jvm_args: -Dfile.encoding=Cp1252 
java_command: client_server_test.Fenetre localhost
java_class_path (initial): C:\Users\27rai\OneDrive\Documents\GitHub\pc2r_client\bin
Launcher Type: SUN_STANDARD

Logging:
Log output configuration:
#0: stdout all=warning uptime,level,tags
#1: stderr all=off uptime,level,tags

Environment Variables:
PATH=C:\ProgramData\Oracle\Java\javapath;C:\Program Files (x86)\Razer Chroma SDK\bin;C:\Program Files\Razer Chroma SDK\bin;C:\Program Files (x86)\Intel\iCLS Client\;C:\Program Files\Intel\iCLS Client\;C:\Windows\system32;C:\Windows;C:\Windows\System32\Wbem;C:\Windows\System32\WindowsPowerShell\v1.0\;C:\Program Files (x86)\NVIDIA Corporation\PhysX\Common;C:\Program Files (x86)\Intel\Intel(R) Management Engine Components\DAL;C:\Program Files\Intel\Intel(R) Management Engine Components\DAL;C:\Program Files (x86)\Intel\Intel(R) Management Engine Components\IPT;C:\Program Files\Intel\Intel(R) Management Engine Components\IPT;C:\Users\27rai\AppData\Local\Microsoft\WindowsApps;C:\WINDOWS\system32;C:\WINDOWS;C:\WINDOWS\System32\Wbem;C:\WINDOWS\System32\WindowsPowerShell\v1.0\;C:\Program Files (x86)\Brackets\command;C:\WINDOWS\System32\OpenSSH\;C:\Program Files\nodejs\;C:\Program Files\Git\bin\git.exe;C:\Program Files\Git\cmd;C:\Program Files\OpenSSL-Win64\bin\openssl.exe;C:\Program Files\dotnet\;C:\Program Files\Microsoft SQL Server\130\Tools\Binn\;C:\Users\27rai\AppData\Local\Microsoft\WindowsApps;C:\Users\27rai\AppData\Roaming\npm;C:\Users\27rai\AppData\Local\atom\bin;C:\Program Files\Git\bin\git.exe;C:\Program Files\Git\cmd;C:\Program Files\OpenSSL-Win64\bin\openssl.exe;C:\Users\27rai\AppData\Local\GitHubDesktop\bin
USERNAME=27rai
OS=Windows_NT
PROCESSOR_IDENTIFIER=Intel64 Family 6 Model 142 Stepping 9, GenuineIntel



---------------  S Y S T E M  ---------------

OS: Windows 10 , 64 bit Build 17134 (10.0.17134.648)

CPU:total 4 (initial active 4) (2 cores per cpu, 2 threads per core) family 6 model 142 stepping 9, cmov, cx8, fxsr, mmx, sse, sse2, sse3, ssse3, sse4.1, sse4.2, popcnt, avx, avx2, aes, clmul, erms, 3dnowpref, lzcnt, ht, tsc, tscinvbit, bmi1, bmi2, adx, fma

Memory: 4k page, physical 8266216k(3396216k free), swap 23694256k(82248k free)

vm_info: Java HotSpot(TM) 64-Bit Server VM (9.0.4+11) for windows-amd64 JRE (9.0.4+11), built on Dec 20 2017 02:18:54 by "mach5one" with MS VC++ 12.0 (VS2013)

END.
